2019-06-07T13:53:54+00:00 CRITICAL Uncaught Error: Class 'FrmAppHelper' not found in /var/www/html/Pikanela-w/wp-content/themes/Pikanela/partials/header-2.php:35
Stack trace:
#0 /var/www/html/Pikanela-w/wp-includes/template.php(724): require()
#1 /var/www/html/Pikanela-w/wp-includes/template.php(671): load_template('/var/www/html/P...', false)
#2 /var/www/html/Pikanela-w/wp-includes/general-template.php(168): locate_template(Array, true, false)
#3 /var/www/html/Pikanela-w/wp-content/themes/Pikanela/404.php(2): get_template_part('partials/header...')
#4 /var/www/html/Pikanela-w/wp-includes/template-loader.php(78): include('/var/www/html/P...')
#5 /var/www/html/Pikanela-w/wp-blog-header.php(19): require_once('/var/www/html/P...')
#6 /var/www/html/Pikanela-w/index.php(17): require('/var/www/html/P...')
#7 {main}
  thrown in /var/www/html/Pikanela-w/wp-content/themes/Pikanela/partials/header-2.php on line 35

2019-06-07T13:57:24+00:00 CRITICAL Uncaught Error: Class 'FrmAppHelper' not found in /var/www/html/Pikanela-w/wp-content/themes/Pikanela/partials/header-2.php:35
Stack trace:
#0 /var/www/html/Pikanela-w/wp-includes/template.php(724): require()
#1 /var/www/html/Pikanela-w/wp-includes/template.php(671): load_template('/var/www/html/P...', false)
#2 /var/www/html/Pikanela-w/wp-includes/general-template.php(168): locate_template(Array, true, false)
#3 /var/www/html/Pikanela-w/wp-content/themes/Pikanela/404.php(2): get_template_part('partials/header...')
#4 /var/www/html/Pikanela-w/wp-includes/template-loader.php(78): include('/var/www/html/P...')
#5 /var/www/html/Pikanela-w/wp-blog-header.php(19): require_once('/var/www/html/P...')
#6 /var/www/html/Pikanela-w/index.php(17): require('/var/www/html/P...')
#7 {main}
  thrown in /var/www/html/Pikanela-w/wp-content/themes/Pikanela/partials/header-2.php on line 35

2019-06-07T13:57:52+00:00 CRITICAL Uncaught Error: Class 'FrmAppHelper' not found in /var/www/html/Pikanela-w/wp-content/themes/Pikanela/partials/header-2.php:35
Stack trace:
#0 /var/www/html/Pikanela-w/wp-includes/template.php(724): require()
#1 /var/www/html/Pikanela-w/wp-includes/template.php(671): load_template('/var/www/html/P...', false)
#2 /var/www/html/Pikanela-w/wp-includes/general-template.php(168): locate_template(Array, true, false)
#3 /var/www/html/Pikanela-w/wp-content/themes/Pikanela/404.php(2): get_template_part('partials/header...')
#4 /var/www/html/Pikanela-w/wp-includes/template-loader.php(78): include('/var/www/html/P...')
#5 /var/www/html/Pikanela-w/wp-blog-header.php(19): require_once('/var/www/html/P...')
#6 /var/www/html/Pikanela-w/index.php(17): require('/var/www/html/P...')
#7 {main}
  thrown in /var/www/html/Pikanela-w/wp-content/themes/Pikanela/partials/header-2.php on line 35

2019-06-07T14:05:55+00:00 CRITICAL Uncaught Error: Class 'FrmAppHelper' not found in /var/www/html/Pikanela-w/wp-content/themes/Pikanela/partials/header-2.php:35
Stack trace:
#0 /var/www/html/Pikanela-w/wp-includes/template.php(724): require()
#1 /var/www/html/Pikanela-w/wp-includes/template.php(671): load_template('/var/www/html/P...', false)
#2 /var/www/html/Pikanela-w/wp-includes/general-template.php(168): locate_template(Array, true, false)
#3 /var/www/html/Pikanela-w/wp-content/themes/Pikanela/404.php(2): get_template_part('partials/header...')
#4 /var/www/html/Pikanela-w/wp-includes/template-loader.php(78): include('/var/www/html/P...')
#5 /var/www/html/Pikanela-w/wp-blog-header.php(19): require_once('/var/www/html/P...')
#6 /var/www/html/Pikanela-w/index.php(17): require('/var/www/html/P...')
#7 {main}
  thrown in /var/www/html/Pikanela-w/wp-content/themes/Pikanela/partials/header-2.php on line 35

2019-06-07T14:06:52+00:00 CRITICAL Uncaught Error: Class 'FrmAppHelper' not found in /var/www/html/Pikanela-w/wp-content/themes/Pikanela/partials/header-2.php:35
Stack trace:
#0 /var/www/html/Pikanela-w/wp-includes/template.php(724): require()
#1 /var/www/html/Pikanela-w/wp-includes/template.php(671): load_template('/var/www/html/P...', false)
#2 /var/www/html/Pikanela-w/wp-includes/general-template.php(168): locate_template(Array, true, false)
#3 /var/www/html/Pikanela-w/wp-content/themes/Pikanela/404.php(2): get_template_part('partials/header...')
#4 /var/www/html/Pikanela-w/wp-includes/template-loader.php(78): include('/var/www/html/P...')
#5 /var/www/html/Pikanela-w/wp-blog-header.php(19): require_once('/var/www/html/P...')
#6 /var/www/html/Pikanela-w/index.php(17): require('/var/www/html/P...')
#7 {main}
  thrown in /var/www/html/Pikanela-w/wp-content/themes/Pikanela/partials/header-2.php on line 35

2019-06-07T14:07:54+00:00 CRITICAL Uncaught Error: Class 'FrmAppHelper' not found in /var/www/html/Pikanela-w/wp-content/themes/Pikanela/partials/header-2.php:35
Stack trace:
#0 /var/www/html/Pikanela-w/wp-includes/template.php(724): require()
#1 /var/www/html/Pikanela-w/wp-includes/template.php(671): load_template('/var/www/html/P...', false)
#2 /var/www/html/Pikanela-w/wp-includes/general-template.php(168): locate_template(Array, true, false)
#3 /var/www/html/Pikanela-w/wp-content/themes/Pikanela/404.php(2): get_template_part('partials/header...')
#4 /var/www/html/Pikanela-w/wp-includes/template-loader.php(78): include('/var/www/html/P...')
#5 /var/www/html/Pikanela-w/wp-blog-header.php(19): require_once('/var/www/html/P...')
#6 /var/www/html/Pikanela-w/index.php(17): require('/var/www/html/P...')
#7 {main}
  thrown in /var/www/html/Pikanela-w/wp-content/themes/Pikanela/partials/header-2.php on line 35

2019-06-07T14:07:57+00:00 CRITICAL Uncaught Error: Class 'FrmAppHelper' not found in /var/www/html/Pikanela-w/wp-content/themes/Pikanela/partials/header-2.php:35
Stack trace:
#0 /var/www/html/Pikanela-w/wp-includes/template.php(724): require()
#1 /var/www/html/Pikanela-w/wp-includes/template.php(671): load_template('/var/www/html/P...', false)
#2 /var/www/html/Pikanela-w/wp-includes/general-template.php(168): locate_template(Array, true, false)
#3 /var/www/html/Pikanela-w/wp-content/themes/Pikanela/404.php(2): get_template_part('partials/header...')
#4 /var/www/html/Pikanela-w/wp-includes/template-loader.php(78): include('/var/www/html/P...')
#5 /var/www/html/Pikanela-w/wp-blog-header.php(19): require_once('/var/www/html/P...')
#6 /var/www/html/Pikanela-w/index.php(17): require('/var/www/html/P...')
#7 {main}
  thrown in /var/www/html/Pikanela-w/wp-content/themes/Pikanela/partials/header-2.php on line 35

2019-06-07T14:08:55+00:00 CRITICAL Uncaught Error: Class 'FrmAppHelper' not found in /var/www/html/Pikanela-w/wp-content/themes/Pikanela/partials/header-2.php:35
Stack trace:
#0 /var/www/html/Pikanela-w/wp-includes/template.php(724): require()
#1 /var/www/html/Pikanela-w/wp-includes/template.php(671): load_template('/var/www/html/P...', false)
#2 /var/www/html/Pikanela-w/wp-includes/general-template.php(168): locate_template(Array, true, false)
#3 /var/www/html/Pikanela-w/wp-content/themes/Pikanela/404.php(2): get_template_part('partials/header...')
#4 /var/www/html/Pikanela-w/wp-includes/template-loader.php(78): include('/var/www/html/P...')
#5 /var/www/html/Pikanela-w/wp-blog-header.php(19): require_once('/var/www/html/P...')
#6 /var/www/html/Pikanela-w/index.php(17): require('/var/www/html/P...')
#7 {main}
  thrown in /var/www/html/Pikanela-w/wp-content/themes/Pikanela/partials/header-2.php on line 35

2019-06-07T14:09:48+00:00 CRITICAL Uncaught Error: Class 'FrmAppHelper' not found in /var/www/html/Pikanela-w/wp-content/themes/Pikanela/partials/header-2.php:35
Stack trace:
#0 /var/www/html/Pikanela-w/wp-includes/template.php(724): require()
#1 /var/www/html/Pikanela-w/wp-includes/template.php(671): load_template('/var/www/html/P...', false)
#2 /var/www/html/Pikanela-w/wp-includes/general-template.php(168): locate_template(Array, true, false)
#3 /var/www/html/Pikanela-w/wp-content/themes/Pikanela/404.php(2): get_template_part('partials/header...')
#4 /var/www/html/Pikanela-w/wp-includes/template-loader.php(78): include('/var/www/html/P...')
#5 /var/www/html/Pikanela-w/wp-blog-header.php(19): require_once('/var/www/html/P...')
#6 /var/www/html/Pikanela-w/index.php(17): require('/var/www/html/P...')
#7 {main}
  thrown in /var/www/html/Pikanela-w/wp-content/themes/Pikanela/partials/header-2.php on line 35

2019-06-07T14:10:20+00:00 CRITICAL Uncaught Error: Class 'FrmAppHelper' not found in /var/www/html/Pikanela-w/wp-content/themes/Pikanela/partials/header-2.php:35
Stack trace:
#0 /var/www/html/Pikanela-w/wp-includes/template.php(724): require()
#1 /var/www/html/Pikanela-w/wp-includes/template.php(671): load_template('/var/www/html/P...', false)
#2 /var/www/html/Pikanela-w/wp-includes/general-template.php(168): locate_template(Array, true, false)
#3 /var/www/html/Pikanela-w/wp-content/themes/Pikanela/404.php(2): get_template_part('partials/header...')
#4 /var/www/html/Pikanela-w/wp-includes/template-loader.php(78): include('/var/www/html/P...')
#5 /var/www/html/Pikanela-w/wp-blog-header.php(19): require_once('/var/www/html/P...')
#6 /var/www/html/Pikanela-w/index.php(17): require('/var/www/html/P...')
#7 {main}
  thrown in /var/www/html/Pikanela-w/wp-content/themes/Pikanela/partials/header-2.php on line 35

2019-06-07T14:11:19+00:00 CRITICAL Uncaught Error: Class 'FrmAppHelper' not found in /var/www/html/Pikanela-w/wp-content/themes/Pikanela/partials/header-2.php:35
Stack trace:
#0 /var/www/html/Pikanela-w/wp-includes/template.php(724): require()
#1 /var/www/html/Pikanela-w/wp-includes/template.php(671): load_template('/var/www/html/P...', false)
#2 /var/www/html/Pikanela-w/wp-includes/general-template.php(168): locate_template(Array, true, false)
#3 /var/www/html/Pikanela-w/wp-content/themes/Pikanela/404.php(2): get_template_part('partials/header...')
#4 /var/www/html/Pikanela-w/wp-includes/template-loader.php(78): include('/var/www/html/P...')
#5 /var/www/html/Pikanela-w/wp-blog-header.php(19): require_once('/var/www/html/P...')
#6 /var/www/html/Pikanela-w/index.php(17): require('/var/www/html/P...')
#7 {main}
  thrown in /var/www/html/Pikanela-w/wp-content/themes/Pikanela/partials/header-2.php on line 35

2019-06-07T14:12:13+00:00 CRITICAL Uncaught Error: Class 'FrmAppHelper' not found in /var/www/html/Pikanela-w/wp-content/themes/Pikanela/partials/header-2.php:35
Stack trace:
#0 /var/www/html/Pikanela-w/wp-includes/template.php(724): require()
#1 /var/www/html/Pikanela-w/wp-includes/template.php(671): load_template('/var/www/html/P...', false)
#2 /var/www/html/Pikanela-w/wp-includes/general-template.php(168): locate_template(Array, true, false)
#3 /var/www/html/Pikanela-w/wp-content/themes/Pikanela/404.php(2): get_template_part('partials/header...')
#4 /var/www/html/Pikanela-w/wp-includes/template-loader.php(78): include('/var/www/html/P...')
#5 /var/www/html/Pikanela-w/wp-blog-header.php(19): require_once('/var/www/html/P...')
#6 /var/www/html/Pikanela-w/index.php(17): require('/var/www/html/P...')
#7 {main}
  thrown in /var/www/html/Pikanela-w/wp-content/themes/Pikanela/partials/header-2.php on line 35

2019-06-07T14:12:17+00:00 CRITICAL Uncaught Error: Class 'FrmAppHelper' not found in /var/www/html/Pikanela-w/wp-content/themes/Pikanela/partials/header-2.php:35
Stack trace:
#0 /var/www/html/Pikanela-w/wp-includes/template.php(724): require()
#1 /var/www/html/Pikanela-w/wp-includes/template.php(671): load_template('/var/www/html/P...', false)
#2 /var/www/html/Pikanela-w/wp-includes/general-template.php(168): locate_template(Array, true, false)
#3 /var/www/html/Pikanela-w/wp-content/themes/Pikanela/404.php(2): get_template_part('partials/header...')
#4 /var/www/html/Pikanela-w/wp-includes/template-loader.php(78): include('/var/www/html/P...')
#5 /var/www/html/Pikanela-w/wp-blog-header.php(19): require_once('/var/www/html/P...')
#6 /var/www/html/Pikanela-w/index.php(17): require('/var/www/html/P...')
#7 {main}
  thrown in /var/www/html/Pikanela-w/wp-content/themes/Pikanela/partials/header-2.php on line 35

2019-06-07T14:12:20+00:00 CRITICAL Uncaught Error: Class 'FrmAppHelper' not found in /var/www/html/Pikanela-w/wp-content/themes/Pikanela/partials/header-2.php:35
Stack trace:
#0 /var/www/html/Pikanela-w/wp-includes/template.php(724): require()
#1 /var/www/html/Pikanela-w/wp-includes/template.php(671): load_template('/var/www/html/P...', false)
#2 /var/www/html/Pikanela-w/wp-includes/general-template.php(168): locate_template(Array, true, false)
#3 /var/www/html/Pikanela-w/wp-content/themes/Pikanela/404.php(2): get_template_part('partials/header...')
#4 /var/www/html/Pikanela-w/wp-includes/template-loader.php(78): include('/var/www/html/P...')
#5 /var/www/html/Pikanela-w/wp-blog-header.php(19): require_once('/var/www/html/P...')
#6 /var/www/html/Pikanela-w/index.php(17): require('/var/www/html/P...')
#7 {main}
  thrown in /var/www/html/Pikanela-w/wp-content/themes/Pikanela/partials/header-2.php on line 35

2019-06-07T14:12:50+00:00 CRITICAL Uncaught Error: Class 'FrmAppHelper' not found in /var/www/html/Pikanela-w/wp-content/themes/Pikanela/partials/header-2.php:35
Stack trace:
#0 /var/www/html/Pikanela-w/wp-includes/template.php(724): require()
#1 /var/www/html/Pikanela-w/wp-includes/template.php(671): load_template('/var/www/html/P...', false)
#2 /var/www/html/Pikanela-w/wp-includes/general-template.php(168): locate_template(Array, true, false)
#3 /var/www/html/Pikanela-w/wp-content/themes/Pikanela/404.php(2): get_template_part('partials/header...')
#4 /var/www/html/Pikanela-w/wp-includes/template-loader.php(78): include('/var/www/html/P...')
#5 /var/www/html/Pikanela-w/wp-blog-header.php(19): require_once('/var/www/html/P...')
#6 /var/www/html/Pikanela-w/index.php(17): require('/var/www/html/P...')
#7 {main}
  thrown in /var/www/html/Pikanela-w/wp-content/themes/Pikanela/partials/header-2.php on line 35

2019-06-07T14:12:53+00:00 CRITICAL Uncaught Error: Class 'FrmAppHelper' not found in /var/www/html/Pikanela-w/wp-content/themes/Pikanela/partials/header-2.php:35
Stack trace:
#0 /var/www/html/Pikanela-w/wp-includes/template.php(724): require()
#1 /var/www/html/Pikanela-w/wp-includes/template.php(671): load_template('/var/www/html/P...', false)
#2 /var/www/html/Pikanela-w/wp-includes/general-template.php(168): locate_template(Array, true, false)
#3 /var/www/html/Pikanela-w/wp-content/themes/Pikanela/404.php(2): get_template_part('partials/header...')
#4 /var/www/html/Pikanela-w/wp-includes/template-loader.php(78): include('/var/www/html/P...')
#5 /var/www/html/Pikanela-w/wp-blog-header.php(19): require_once('/var/www/html/P...')
#6 /var/www/html/Pikanela-w/index.php(17): require('/var/www/html/P...')
#7 {main}
  thrown in /var/www/html/Pikanela-w/wp-content/themes/Pikanela/partials/header-2.php on line 35

2019-06-07T14:13:08+00:00 CRITICAL Uncaught Error: Class 'FrmAppHelper' not found in /var/www/html/Pikanela-w/wp-content/themes/Pikanela/partials/header-2.php:35
Stack trace:
#0 /var/www/html/Pikanela-w/wp-includes/template.php(724): require()
#1 /var/www/html/Pikanela-w/wp-includes/template.php(671): load_template('/var/www/html/P...', false)
#2 /var/www/html/Pikanela-w/wp-includes/general-template.php(168): locate_template(Array, true, false)
#3 /var/www/html/Pikanela-w/wp-content/themes/Pikanela/404.php(2): get_template_part('partials/header...')
#4 /var/www/html/Pikanela-w/wp-includes/template-loader.php(78): include('/var/www/html/P...')
#5 /var/www/html/Pikanela-w/wp-blog-header.php(19): require_once('/var/www/html/P...')
#6 /var/www/html/Pikanela-w/index.php(17): require('/var/www/html/P...')
#7 {main}
  thrown in /var/www/html/Pikanela-w/wp-content/themes/Pikanela/partials/header-2.php on line 35

2019-06-07T14:13:11+00:00 CRITICAL Uncaught Error: Class 'FrmAppHelper' not found in /var/www/html/Pikanela-w/wp-content/themes/Pikanela/partials/header-2.php:35
Stack trace:
#0 /var/www/html/Pikanela-w/wp-includes/template.php(724): require()
#1 /var/www/html/Pikanela-w/wp-includes/template.php(671): load_template('/var/www/html/P...', false)
#2 /var/www/html/Pikanela-w/wp-includes/general-template.php(168): locate_template(Array, true, false)
#3 /var/www/html/Pikanela-w/wp-content/themes/Pikanela/404.php(2): get_template_part('partials/header...')
#4 /var/www/html/Pikanela-w/wp-includes/template-loader.php(78): include('/var/www/html/P...')
#5 /var/www/html/Pikanela-w/wp-blog-header.php(19): require_once('/var/www/html/P...')
#6 /var/www/html/Pikanela-w/index.php(17): require('/var/www/html/P...')
#7 {main}
  thrown in /var/www/html/Pikanela-w/wp-content/themes/Pikanela/partials/header-2.php on line 35

2019-06-07T14:13:55+00:00 CRITICAL Uncaught Error: Class 'FrmAppHelper' not found in /var/www/html/Pikanela-w/wp-content/themes/Pikanela/partials/header-2.php:35
Stack trace:
#0 /var/www/html/Pikanela-w/wp-includes/template.php(724): require()
#1 /var/www/html/Pikanela-w/wp-includes/template.php(671): load_template('/var/www/html/P...', false)
#2 /var/www/html/Pikanela-w/wp-includes/general-template.php(168): locate_template(Array, true, false)
#3 /var/www/html/Pikanela-w/wp-content/themes/Pikanela/404.php(2): get_template_part('partials/header...')
#4 /var/www/html/Pikanela-w/wp-includes/template-loader.php(78): include('/var/www/html/P...')
#5 /var/www/html/Pikanela-w/wp-blog-header.php(19): require_once('/var/www/html/P...')
#6 /var/www/html/Pikanela-w/index.php(17): require('/var/www/html/P...')
#7 {main}
  thrown in /var/www/html/Pikanela-w/wp-content/themes/Pikanela/partials/header-2.php on line 35

2019-06-07T14:13:57+00:00 CRITICAL Uncaught Error: Class 'FrmAppHelper' not found in /var/www/html/Pikanela-w/wp-content/themes/Pikanela/partials/header-2.php:35
Stack trace:
#0 /var/www/html/Pikanela-w/wp-includes/template.php(724): require()
#1 /var/www/html/Pikanela-w/wp-includes/template.php(671): load_template('/var/www/html/P...', false)
#2 /var/www/html/Pikanela-w/wp-includes/general-template.php(168): locate_template(Array, true, false)
#3 /var/www/html/Pikanela-w/wp-content/themes/Pikanela/404.php(2): get_template_part('partials/header...')
#4 /var/www/html/Pikanela-w/wp-includes/template-loader.php(78): include('/var/www/html/P...')
#5 /var/www/html/Pikanela-w/wp-blog-header.php(19): require_once('/var/www/html/P...')
#6 /var/www/html/Pikanela-w/index.php(17): require('/var/www/html/P...')
#7 {main}
  thrown in /var/www/html/Pikanela-w/wp-content/themes/Pikanela/partials/header-2.php on line 35

