2019-06-10T00:27:15+00:00 CRITICAL syntax error, unexpected '<' in /var/www/html/Pikanela-w/wp-content/themes/Pikanela/woocommerce/global/quantity-input.php on line 51

2019-06-10T00:27:37+00:00 CRITICAL syntax error, unexpected '<' in /var/www/html/Pikanela-w/wp-content/themes/Pikanela/woocommerce/global/quantity-input.php on line 51

2019-06-10T00:28:30+00:00 CRITICAL syntax error, unexpected '<' in /var/www/html/Pikanela-w/wp-content/themes/Pikanela/woocommerce/global/quantity-input.php on line 51

2019-06-10T00:28:32+00:00 CRITICAL syntax error, unexpected '<' in /var/www/html/Pikanela-w/wp-content/themes/Pikanela/woocommerce/global/quantity-input.php on line 51

2019-06-10T00:28:33+00:00 CRITICAL syntax error, unexpected '<' in /var/www/html/Pikanela-w/wp-content/themes/Pikanela/woocommerce/global/quantity-input.php on line 51

2019-06-10T03:48:29+00:00 CRITICAL Uncaught Error: Class 'FrmAppHelper' not found in /var/www/html/Pikanela-w/wp-content/themes/Pikanela/header.php:48
Stack trace:
#0 /var/www/html/Pikanela-w/wp-includes/template.php(722): require_once()
#1 /var/www/html/Pikanela-w/wp-includes/template.php(671): load_template('/var/www/html/P...', true)
#2 /var/www/html/Pikanela-w/wp-includes/general-template.php(41): locate_template(Array, true)
#3 /var/www/html/Pikanela-w/wp-content/themes/Pikanela/home.php(1): get_header()
#4 /var/www/html/Pikanela-w/wp-includes/template-loader.php(78): include('/var/www/html/P...')
#5 /var/www/html/Pikanela-w/wp-blog-header.php(19): require_once('/var/www/html/P...')
#6 /var/www/html/Pikanela-w/index.php(17): require('/var/www/html/P...')
#7 {main}
  thrown in /var/www/html/Pikanela-w/wp-content/themes/Pikanela/header.php on line 48

2019-06-10T03:49:35+00:00 CRITICAL Uncaught Error: Class 'FrmAppHelper' not found in /var/www/html/Pikanela-w/wp-content/themes/Pikanela/header.php:48
Stack trace:
#0 /var/www/html/Pikanela-w/wp-includes/template.php(722): require_once()
#1 /var/www/html/Pikanela-w/wp-includes/template.php(671): load_template('/var/www/html/P...', true)
#2 /var/www/html/Pikanela-w/wp-includes/general-template.php(41): locate_template(Array, true)
#3 /var/www/html/Pikanela-w/wp-content/themes/Pikanela/home.php(1): get_header()
#4 /var/www/html/Pikanela-w/wp-includes/template-loader.php(78): include('/var/www/html/P...')
#5 /var/www/html/Pikanela-w/wp-blog-header.php(19): require_once('/var/www/html/P...')
#6 /var/www/html/Pikanela-w/index.php(17): require('/var/www/html/P...')
#7 {main}
  thrown in /var/www/html/Pikanela-w/wp-content/themes/Pikanela/header.php on line 48

2019-06-10T03:49:39+00:00 CRITICAL Uncaught Error: Class 'FrmAppHelper' not found in /var/www/html/Pikanela-w/wp-content/themes/Pikanela/header.php:48
Stack trace:
#0 /var/www/html/Pikanela-w/wp-includes/template.php(722): require_once()
#1 /var/www/html/Pikanela-w/wp-includes/template.php(671): load_template('/var/www/html/P...', true)
#2 /var/www/html/Pikanela-w/wp-includes/general-template.php(41): locate_template(Array, true)
#3 /var/www/html/Pikanela-w/wp-content/themes/Pikanela/home.php(1): get_header()
#4 /var/www/html/Pikanela-w/wp-includes/template-loader.php(78): include('/var/www/html/P...')
#5 /var/www/html/Pikanela-w/wp-blog-header.php(19): require_once('/var/www/html/P...')
#6 /var/www/html/Pikanela-w/index.php(17): require('/var/www/html/P...')
#7 {main}
  thrown in /var/www/html/Pikanela-w/wp-content/themes/Pikanela/header.php on line 48

2019-06-10T03:51:39+00:00 CRITICAL Uncaught Error: Class 'FrmAppHelper' not found in /var/www/html/Pikanela-w/wp-content/themes/Pikanela/header.php:48
Stack trace:
#0 /var/www/html/Pikanela-w/wp-includes/template.php(722): require_once()
#1 /var/www/html/Pikanela-w/wp-includes/template.php(671): load_template('/var/www/html/P...', true)
#2 /var/www/html/Pikanela-w/wp-includes/general-template.php(41): locate_template(Array, true)
#3 /var/www/html/Pikanela-w/wp-content/themes/Pikanela/home.php(1): get_header()
#4 /var/www/html/Pikanela-w/wp-includes/template-loader.php(78): include('/var/www/html/P...')
#5 /var/www/html/Pikanela-w/wp-blog-header.php(19): require_once('/var/www/html/P...')
#6 /var/www/html/Pikanela-w/index.php(17): require('/var/www/html/P...')
#7 {main}
  thrown in /var/www/html/Pikanela-w/wp-content/themes/Pikanela/header.php on line 48

2019-06-10T03:51:42+00:00 CRITICAL Uncaught Error: Class 'FrmAppHelper' not found in /var/www/html/Pikanela-w/wp-content/themes/Pikanela/header.php:48
Stack trace:
#0 /var/www/html/Pikanela-w/wp-includes/template.php(722): require_once()
#1 /var/www/html/Pikanela-w/wp-includes/template.php(671): load_template('/var/www/html/P...', true)
#2 /var/www/html/Pikanela-w/wp-includes/general-template.php(41): locate_template(Array, true)
#3 /var/www/html/Pikanela-w/wp-content/themes/Pikanela/home.php(1): get_header()
#4 /var/www/html/Pikanela-w/wp-includes/template-loader.php(78): include('/var/www/html/P...')
#5 /var/www/html/Pikanela-w/wp-blog-header.php(19): require_once('/var/www/html/P...')
#6 /var/www/html/Pikanela-w/index.php(17): require('/var/www/html/P...')
#7 {main}
  thrown in /var/www/html/Pikanela-w/wp-content/themes/Pikanela/header.php on line 48

2019-06-10T03:51:44+00:00 CRITICAL Uncaught Error: Class 'FrmAppHelper' not found in /var/www/html/Pikanela-w/wp-content/themes/Pikanela/header.php:48
Stack trace:
#0 /var/www/html/Pikanela-w/wp-includes/template.php(722): require_once()
#1 /var/www/html/Pikanela-w/wp-includes/template.php(671): load_template('/var/www/html/P...', true)
#2 /var/www/html/Pikanela-w/wp-includes/general-template.php(41): locate_template(Array, true)
#3 /var/www/html/Pikanela-w/wp-content/themes/Pikanela/home.php(1): get_header()
#4 /var/www/html/Pikanela-w/wp-includes/template-loader.php(78): include('/var/www/html/P...')
#5 /var/www/html/Pikanela-w/wp-blog-header.php(19): require_once('/var/www/html/P...')
#6 /var/www/html/Pikanela-w/index.php(17): require('/var/www/html/P...')
#7 {main}
  thrown in /var/www/html/Pikanela-w/wp-content/themes/Pikanela/header.php on line 48

2019-06-10T03:51:45+00:00 CRITICAL Uncaught Error: Class 'FrmAppHelper' not found in /var/www/html/Pikanela-w/wp-content/themes/Pikanela/header.php:48
Stack trace:
#0 /var/www/html/Pikanela-w/wp-includes/template.php(722): require_once()
#1 /var/www/html/Pikanela-w/wp-includes/template.php(671): load_template('/var/www/html/P...', true)
#2 /var/www/html/Pikanela-w/wp-includes/general-template.php(41): locate_template(Array, true)
#3 /var/www/html/Pikanela-w/wp-content/themes/Pikanela/home.php(1): get_header()
#4 /var/www/html/Pikanela-w/wp-includes/template-loader.php(78): include('/var/www/html/P...')
#5 /var/www/html/Pikanela-w/wp-blog-header.php(19): require_once('/var/www/html/P...')
#6 /var/www/html/Pikanela-w/index.php(17): require('/var/www/html/P...')
#7 {main}
  thrown in /var/www/html/Pikanela-w/wp-content/themes/Pikanela/header.php on line 48

2019-06-10T03:51:45+00:00 CRITICAL Uncaught Error: Class 'FrmAppHelper' not found in /var/www/html/Pikanela-w/wp-content/themes/Pikanela/header.php:48
Stack trace:
#0 /var/www/html/Pikanela-w/wp-includes/template.php(722): require_once()
#1 /var/www/html/Pikanela-w/wp-includes/template.php(671): load_template('/var/www/html/P...', true)
#2 /var/www/html/Pikanela-w/wp-includes/general-template.php(41): locate_template(Array, true)
#3 /var/www/html/Pikanela-w/wp-content/themes/Pikanela/home.php(1): get_header()
#4 /var/www/html/Pikanela-w/wp-includes/template-loader.php(78): include('/var/www/html/P...')
#5 /var/www/html/Pikanela-w/wp-blog-header.php(19): require_once('/var/www/html/P...')
#6 /var/www/html/Pikanela-w/index.php(17): require('/var/www/html/P...')
#7 {main}
  thrown in /var/www/html/Pikanela-w/wp-content/themes/Pikanela/header.php on line 48

2019-06-10T03:51:45+00:00 CRITICAL Uncaught Error: Class 'FrmAppHelper' not found in /var/www/html/Pikanela-w/wp-content/themes/Pikanela/header.php:48
Stack trace:
#0 /var/www/html/Pikanela-w/wp-includes/template.php(722): require_once()
#1 /var/www/html/Pikanela-w/wp-includes/template.php(671): load_template('/var/www/html/P...', true)
#2 /var/www/html/Pikanela-w/wp-includes/general-template.php(41): locate_template(Array, true)
#3 /var/www/html/Pikanela-w/wp-content/themes/Pikanela/home.php(1): get_header()
#4 /var/www/html/Pikanela-w/wp-includes/template-loader.php(78): include('/var/www/html/P...')
#5 /var/www/html/Pikanela-w/wp-blog-header.php(19): require_once('/var/www/html/P...')
#6 /var/www/html/Pikanela-w/index.php(17): require('/var/www/html/P...')
#7 {main}
  thrown in /var/www/html/Pikanela-w/wp-content/themes/Pikanela/header.php on line 48

2019-06-10T03:51:45+00:00 CRITICAL Uncaught Error: Class 'FrmAppHelper' not found in /var/www/html/Pikanela-w/wp-content/themes/Pikanela/header.php:48
Stack trace:
#0 /var/www/html/Pikanela-w/wp-includes/template.php(722): require_once()
#1 /var/www/html/Pikanela-w/wp-includes/template.php(671): load_template('/var/www/html/P...', true)
#2 /var/www/html/Pikanela-w/wp-includes/general-template.php(41): locate_template(Array, true)
#3 /var/www/html/Pikanela-w/wp-content/themes/Pikanela/home.php(1): get_header()
#4 /var/www/html/Pikanela-w/wp-includes/template-loader.php(78): include('/var/www/html/P...')
#5 /var/www/html/Pikanela-w/wp-blog-header.php(19): require_once('/var/www/html/P...')
#6 /var/www/html/Pikanela-w/index.php(17): require('/var/www/html/P...')
#7 {main}
  thrown in /var/www/html/Pikanela-w/wp-content/themes/Pikanela/header.php on line 48

2019-06-10T03:52:25+00:00 CRITICAL Uncaught Error: Class 'FrmAppHelper' not found in /var/www/html/Pikanela-w/wp-content/themes/Pikanela/header.php:48
Stack trace:
#0 /var/www/html/Pikanela-w/wp-includes/template.php(722): require_once()
#1 /var/www/html/Pikanela-w/wp-includes/template.php(671): load_template('/var/www/html/P...', true)
#2 /var/www/html/Pikanela-w/wp-includes/general-template.php(41): locate_template(Array, true)
#3 /var/www/html/Pikanela-w/wp-content/themes/Pikanela/home.php(1): get_header()
#4 /var/www/html/Pikanela-w/wp-includes/template-loader.php(78): include('/var/www/html/P...')
#5 /var/www/html/Pikanela-w/wp-blog-header.php(19): require_once('/var/www/html/P...')
#6 /var/www/html/Pikanela-w/index.php(17): require('/var/www/html/P...')
#7 {main}
  thrown in /var/www/html/Pikanela-w/wp-content/themes/Pikanela/header.php on line 48

2019-06-10T03:53:22+00:00 CRITICAL Uncaught Error: Class 'FrmAppHelper' not found in /var/www/html/Pikanela-w/wp-content/themes/Pikanela/header.php:48
Stack trace:
#0 /var/www/html/Pikanela-w/wp-includes/template.php(722): require_once()
#1 /var/www/html/Pikanela-w/wp-includes/template.php(671): load_template('/var/www/html/P...', true)
#2 /var/www/html/Pikanela-w/wp-includes/general-template.php(41): locate_template(Array, true)
#3 /var/www/html/Pikanela-w/wp-content/themes/Pikanela/home.php(1): get_header()
#4 /var/www/html/Pikanela-w/wp-includes/template-loader.php(78): include('/var/www/html/P...')
#5 /var/www/html/Pikanela-w/wp-blog-header.php(19): require_once('/var/www/html/P...')
#6 /var/www/html/Pikanela-w/index.php(17): require('/var/www/html/P...')
#7 {main}
  thrown in /var/www/html/Pikanela-w/wp-content/themes/Pikanela/header.php on line 48

2019-06-10T03:54:38+00:00 CRITICAL Uncaught Error: Class 'FrmAppHelper' not found in /var/www/html/Pikanela-w/wp-content/themes/Pikanela/header.php:50
Stack trace:
#0 /var/www/html/Pikanela-w/wp-includes/template.php(722): require_once()
#1 /var/www/html/Pikanela-w/wp-includes/template.php(671): load_template('/var/www/html/P...', true)
#2 /var/www/html/Pikanela-w/wp-includes/general-template.php(41): locate_template(Array, true)
#3 /var/www/html/Pikanela-w/wp-content/themes/Pikanela/home.php(1): get_header()
#4 /var/www/html/Pikanela-w/wp-includes/template-loader.php(78): include('/var/www/html/P...')
#5 /var/www/html/Pikanela-w/wp-blog-header.php(19): require_once('/var/www/html/P...')
#6 /var/www/html/Pikanela-w/index.php(17): require('/var/www/html/P...')
#7 {main}
  thrown in /var/www/html/Pikanela-w/wp-content/themes/Pikanela/header.php on line 50

2019-06-10T03:55:13+00:00 CRITICAL Uncaught Error: Class 'FrmAppHelper' not found in /var/www/html/Pikanela-w/wp-content/themes/Pikanela/header.php:50
Stack trace:
#0 /var/www/html/Pikanela-w/wp-includes/template.php(722): require_once()
#1 /var/www/html/Pikanela-w/wp-includes/template.php(671): load_template('/var/www/html/P...', true)
#2 /var/www/html/Pikanela-w/wp-includes/general-template.php(41): locate_template(Array, true)
#3 /var/www/html/Pikanela-w/wp-content/themes/Pikanela/home.php(1): get_header()
#4 /var/www/html/Pikanela-w/wp-includes/template-loader.php(78): include('/var/www/html/P...')
#5 /var/www/html/Pikanela-w/wp-blog-header.php(19): require_once('/var/www/html/P...')
#6 /var/www/html/Pikanela-w/index.php(17): require('/var/www/html/P...')
#7 {main}
  thrown in /var/www/html/Pikanela-w/wp-content/themes/Pikanela/header.php on line 50

2019-06-10T03:55:50+00:00 CRITICAL Uncaught Error: Class 'FrmAppHelper' not found in /var/www/html/Pikanela-w/wp-content/themes/Pikanela/header.php:50
Stack trace:
#0 /var/www/html/Pikanela-w/wp-includes/template.php(722): require_once()
#1 /var/www/html/Pikanela-w/wp-includes/template.php(671): load_template('/var/www/html/P...', true)
#2 /var/www/html/Pikanela-w/wp-includes/general-template.php(41): locate_template(Array, true)
#3 /var/www/html/Pikanela-w/wp-content/themes/Pikanela/home.php(1): get_header()
#4 /var/www/html/Pikanela-w/wp-includes/template-loader.php(78): include('/var/www/html/P...')
#5 /var/www/html/Pikanela-w/wp-blog-header.php(19): require_once('/var/www/html/P...')
#6 /var/www/html/Pikanela-w/index.php(17): require('/var/www/html/P...')
#7 {main}
  thrown in /var/www/html/Pikanela-w/wp-content/themes/Pikanela/header.php on line 50

2019-06-10T03:55:52+00:00 CRITICAL Uncaught Error: Class 'FrmAppHelper' not found in /var/www/html/Pikanela-w/wp-content/themes/Pikanela/header.php:50
Stack trace:
#0 /var/www/html/Pikanela-w/wp-includes/template.php(722): require_once()
#1 /var/www/html/Pikanela-w/wp-includes/template.php(671): load_template('/var/www/html/P...', true)
#2 /var/www/html/Pikanela-w/wp-includes/general-template.php(41): locate_template(Array, true)
#3 /var/www/html/Pikanela-w/wp-content/themes/Pikanela/home.php(1): get_header()
#4 /var/www/html/Pikanela-w/wp-includes/template-loader.php(78): include('/var/www/html/P...')
#5 /var/www/html/Pikanela-w/wp-blog-header.php(19): require_once('/var/www/html/P...')
#6 /var/www/html/Pikanela-w/index.php(17): require('/var/www/html/P...')
#7 {main}
  thrown in /var/www/html/Pikanela-w/wp-content/themes/Pikanela/header.php on line 50

2019-06-10T03:56:19+00:00 CRITICAL Uncaught Error: Class 'FrmAppHelper' not found in /var/www/html/Pikanela-w/wp-content/themes/Pikanela/header.php:50
Stack trace:
#0 /var/www/html/Pikanela-w/wp-includes/template.php(722): require_once()
#1 /var/www/html/Pikanela-w/wp-includes/template.php(671): load_template('/var/www/html/P...', true)
#2 /var/www/html/Pikanela-w/wp-includes/general-template.php(41): locate_template(Array, true)
#3 /var/www/html/Pikanela-w/wp-content/themes/Pikanela/home.php(1): get_header()
#4 /var/www/html/Pikanela-w/wp-includes/template-loader.php(78): include('/var/www/html/P...')
#5 /var/www/html/Pikanela-w/wp-blog-header.php(19): require_once('/var/www/html/P...')
#6 /var/www/html/Pikanela-w/index.php(17): require('/var/www/html/P...')
#7 {main}
  thrown in /var/www/html/Pikanela-w/wp-content/themes/Pikanela/header.php on line 50

2019-06-10T03:56:20+00:00 CRITICAL Uncaught Error: Class 'FrmAppHelper' not found in /var/www/html/Pikanela-w/wp-content/themes/Pikanela/header.php:50
Stack trace:
#0 /var/www/html/Pikanela-w/wp-includes/template.php(722): require_once()
#1 /var/www/html/Pikanela-w/wp-includes/template.php(671): load_template('/var/www/html/P...', true)
#2 /var/www/html/Pikanela-w/wp-includes/general-template.php(41): locate_template(Array, true)
#3 /var/www/html/Pikanela-w/wp-content/themes/Pikanela/home.php(1): get_header()
#4 /var/www/html/Pikanela-w/wp-includes/template-loader.php(78): include('/var/www/html/P...')
#5 /var/www/html/Pikanela-w/wp-blog-header.php(19): require_once('/var/www/html/P...')
#6 /var/www/html/Pikanela-w/index.php(17): require('/var/www/html/P...')
#7 {main}
  thrown in /var/www/html/Pikanela-w/wp-content/themes/Pikanela/header.php on line 50

2019-06-10T03:56:22+00:00 CRITICAL Uncaught Error: Class 'FrmAppHelper' not found in /var/www/html/Pikanela-w/wp-content/themes/Pikanela/header.php:50
Stack trace:
#0 /var/www/html/Pikanela-w/wp-includes/template.php(722): require_once()
#1 /var/www/html/Pikanela-w/wp-includes/template.php(671): load_template('/var/www/html/P...', true)
#2 /var/www/html/Pikanela-w/wp-includes/general-template.php(41): locate_template(Array, true)
#3 /var/www/html/Pikanela-w/wp-content/themes/Pikanela/home.php(1): get_header()
#4 /var/www/html/Pikanela-w/wp-includes/template-loader.php(78): include('/var/www/html/P...')
#5 /var/www/html/Pikanela-w/wp-blog-header.php(19): require_once('/var/www/html/P...')
#6 /var/www/html/Pikanela-w/index.php(17): require('/var/www/html/P...')
#7 {main}
  thrown in /var/www/html/Pikanela-w/wp-content/themes/Pikanela/header.php on line 50

2019-06-10T03:56:22+00:00 CRITICAL Uncaught Error: Class 'FrmAppHelper' not found in /var/www/html/Pikanela-w/wp-content/themes/Pikanela/header.php:50
Stack trace:
#0 /var/www/html/Pikanela-w/wp-includes/template.php(722): require_once()
#1 /var/www/html/Pikanela-w/wp-includes/template.php(671): load_template('/var/www/html/P...', true)
#2 /var/www/html/Pikanela-w/wp-includes/general-template.php(41): locate_template(Array, true)
#3 /var/www/html/Pikanela-w/wp-content/themes/Pikanela/home.php(1): get_header()
#4 /var/www/html/Pikanela-w/wp-includes/template-loader.php(78): include('/var/www/html/P...')
#5 /var/www/html/Pikanela-w/wp-blog-header.php(19): require_once('/var/www/html/P...')
#6 /var/www/html/Pikanela-w/index.php(17): require('/var/www/html/P...')
#7 {main}
  thrown in /var/www/html/Pikanela-w/wp-content/themes/Pikanela/header.php on line 50

2019-06-10T03:56:23+00:00 CRITICAL Uncaught Error: Class 'FrmAppHelper' not found in /var/www/html/Pikanela-w/wp-content/themes/Pikanela/header.php:50
Stack trace:
#0 /var/www/html/Pikanela-w/wp-includes/template.php(722): require_once()
#1 /var/www/html/Pikanela-w/wp-includes/template.php(671): load_template('/var/www/html/P...', true)
#2 /var/www/html/Pikanela-w/wp-includes/general-template.php(41): locate_template(Array, true)
#3 /var/www/html/Pikanela-w/wp-content/themes/Pikanela/home.php(1): get_header()
#4 /var/www/html/Pikanela-w/wp-includes/template-loader.php(78): include('/var/www/html/P...')
#5 /var/www/html/Pikanela-w/wp-blog-header.php(19): require_once('/var/www/html/P...')
#6 /var/www/html/Pikanela-w/index.php(17): require('/var/www/html/P...')
#7 {main}
  thrown in /var/www/html/Pikanela-w/wp-content/themes/Pikanela/header.php on line 50

2019-06-10T03:56:23+00:00 CRITICAL Uncaught Error: Class 'FrmAppHelper' not found in /var/www/html/Pikanela-w/wp-content/themes/Pikanela/header.php:50
Stack trace:
#0 /var/www/html/Pikanela-w/wp-includes/template.php(722): require_once()
#1 /var/www/html/Pikanela-w/wp-includes/template.php(671): load_template('/var/www/html/P...', true)
#2 /var/www/html/Pikanela-w/wp-includes/general-template.php(41): locate_template(Array, true)
#3 /var/www/html/Pikanela-w/wp-content/themes/Pikanela/home.php(1): get_header()
#4 /var/www/html/Pikanela-w/wp-includes/template-loader.php(78): include('/var/www/html/P...')
#5 /var/www/html/Pikanela-w/wp-blog-header.php(19): require_once('/var/www/html/P...')
#6 /var/www/html/Pikanela-w/index.php(17): require('/var/www/html/P...')
#7 {main}
  thrown in /var/www/html/Pikanela-w/wp-content/themes/Pikanela/header.php on line 50

2019-06-10T03:56:24+00:00 CRITICAL Uncaught Error: Class 'FrmAppHelper' not found in /var/www/html/Pikanela-w/wp-content/themes/Pikanela/header.php:50
Stack trace:
#0 /var/www/html/Pikanela-w/wp-includes/template.php(722): require_once()
#1 /var/www/html/Pikanela-w/wp-includes/template.php(671): load_template('/var/www/html/P...', true)
#2 /var/www/html/Pikanela-w/wp-includes/general-template.php(41): locate_template(Array, true)
#3 /var/www/html/Pikanela-w/wp-content/themes/Pikanela/home.php(1): get_header()
#4 /var/www/html/Pikanela-w/wp-includes/template-loader.php(78): include('/var/www/html/P...')
#5 /var/www/html/Pikanela-w/wp-blog-header.php(19): require_once('/var/www/html/P...')
#6 /var/www/html/Pikanela-w/index.php(17): require('/var/www/html/P...')
#7 {main}
  thrown in /var/www/html/Pikanela-w/wp-content/themes/Pikanela/header.php on line 50

2019-06-10T03:56:24+00:00 CRITICAL Uncaught Error: Class 'FrmAppHelper' not found in /var/www/html/Pikanela-w/wp-content/themes/Pikanela/header.php:50
Stack trace:
#0 /var/www/html/Pikanela-w/wp-includes/template.php(722): require_once()
#1 /var/www/html/Pikanela-w/wp-includes/template.php(671): load_template('/var/www/html/P...', true)
#2 /var/www/html/Pikanela-w/wp-includes/general-template.php(41): locate_template(Array, true)
#3 /var/www/html/Pikanela-w/wp-content/themes/Pikanela/home.php(1): get_header()
#4 /var/www/html/Pikanela-w/wp-includes/template-loader.php(78): include('/var/www/html/P...')
#5 /var/www/html/Pikanela-w/wp-blog-header.php(19): require_once('/var/www/html/P...')
#6 /var/www/html/Pikanela-w/index.php(17): require('/var/www/html/P...')
#7 {main}
  thrown in /var/www/html/Pikanela-w/wp-content/themes/Pikanela/header.php on line 50

2019-06-10T03:56:24+00:00 CRITICAL Uncaught Error: Class 'FrmAppHelper' not found in /var/www/html/Pikanela-w/wp-content/themes/Pikanela/header.php:50
Stack trace:
#0 /var/www/html/Pikanela-w/wp-includes/template.php(722): require_once()
#1 /var/www/html/Pikanela-w/wp-includes/template.php(671): load_template('/var/www/html/P...', true)
#2 /var/www/html/Pikanela-w/wp-includes/general-template.php(41): locate_template(Array, true)
#3 /var/www/html/Pikanela-w/wp-content/themes/Pikanela/home.php(1): get_header()
#4 /var/www/html/Pikanela-w/wp-includes/template-loader.php(78): include('/var/www/html/P...')
#5 /var/www/html/Pikanela-w/wp-blog-header.php(19): require_once('/var/www/html/P...')
#6 /var/www/html/Pikanela-w/index.php(17): require('/var/www/html/P...')
#7 {main}
  thrown in /var/www/html/Pikanela-w/wp-content/themes/Pikanela/header.php on line 50

2019-06-10T03:58:47+00:00 CRITICAL Uncaught Error: Class 'FrmAppHelper' not found in /var/www/html/Pikanela-w/wp-content/themes/Pikanela/header.php:48
Stack trace:
#0 /var/www/html/Pikanela-w/wp-includes/template.php(722): require_once()
#1 /var/www/html/Pikanela-w/wp-includes/template.php(671): load_template('/var/www/html/P...', true)
#2 /var/www/html/Pikanela-w/wp-includes/general-template.php(41): locate_template(Array, true)
#3 /var/www/html/Pikanela-w/wp-content/themes/Pikanela/home.php(1): get_header()
#4 /var/www/html/Pikanela-w/wp-includes/template-loader.php(78): include('/var/www/html/P...')
#5 /var/www/html/Pikanela-w/wp-blog-header.php(19): require_once('/var/www/html/P...')
#6 /var/www/html/Pikanela-w/index.php(17): require('/var/www/html/P...')
#7 {main}
  thrown in /var/www/html/Pikanela-w/wp-content/themes/Pikanela/header.php on line 48

2019-06-10T03:59:04+00:00 CRITICAL Uncaught Error: Class 'FrmAppHelper' not found in /var/www/html/Pikanela-w/wp-content/themes/Pikanela/header.php:48
Stack trace:
#0 /var/www/html/Pikanela-w/wp-includes/template.php(722): require_once()
#1 /var/www/html/Pikanela-w/wp-includes/template.php(671): load_template('/var/www/html/P...', true)
#2 /var/www/html/Pikanela-w/wp-includes/general-template.php(41): locate_template(Array, true)
#3 /var/www/html/Pikanela-w/wp-content/themes/Pikanela/search.php(2): get_header()
#4 /var/www/html/Pikanela-w/wp-includes/template-loader.php(78): include('/var/www/html/P...')
#5 /var/www/html/Pikanela-w/wp-blog-header.php(19): require_once('/var/www/html/P...')
#6 /var/www/html/Pikanela-w/index.php(17): require('/var/www/html/P...')
#7 {main}
  thrown in /var/www/html/Pikanela-w/wp-content/themes/Pikanela/header.php on line 48

2019-06-10T04:00:36+00:00 CRITICAL Uncaught Error: Class 'FrmAppHelper' not found in /var/www/html/Pikanela-w/wp-content/themes/Pikanela/header.php:48
Stack trace:
#0 /var/www/html/Pikanela-w/wp-includes/template.php(722): require_once()
#1 /var/www/html/Pikanela-w/wp-includes/template.php(671): load_template('/var/www/html/P...', true)
#2 /var/www/html/Pikanela-w/wp-includes/general-template.php(41): locate_template(Array, true)
#3 /var/www/html/Pikanela-w/wp-content/themes/Pikanela/home.php(1): get_header()
#4 /var/www/html/Pikanela-w/wp-includes/template-loader.php(78): include('/var/www/html/P...')
#5 /var/www/html/Pikanela-w/wp-blog-header.php(19): require_once('/var/www/html/P...')
#6 /var/www/html/Pikanela-w/index.php(17): require('/var/www/html/P...')
#7 {main}
  thrown in /var/www/html/Pikanela-w/wp-content/themes/Pikanela/header.php on line 48

2019-06-10T04:00:52+00:00 CRITICAL Uncaught Error: Class 'FrmAppHelper' not found in /var/www/html/Pikanela-w/wp-content/themes/Pikanela/header.php:48
Stack trace:
#0 /var/www/html/Pikanela-w/wp-includes/template.php(722): require_once()
#1 /var/www/html/Pikanela-w/wp-includes/template.php(671): load_template('/var/www/html/P...', true)
#2 /var/www/html/Pikanela-w/wp-includes/general-template.php(41): locate_template(Array, true)
#3 /var/www/html/Pikanela-w/wp-content/themes/Pikanela/home.php(1): get_header()
#4 /var/www/html/Pikanela-w/wp-includes/template-loader.php(78): include('/var/www/html/P...')
#5 /var/www/html/Pikanela-w/wp-blog-header.php(19): require_once('/var/www/html/P...')
#6 /var/www/html/Pikanela-w/index.php(17): require('/var/www/html/P...')
#7 {main}
  thrown in /var/www/html/Pikanela-w/wp-content/themes/Pikanela/header.php on line 48

2019-06-10T04:01:19+00:00 CRITICAL Uncaught Error: Class 'FrmAppHelper' not found in /var/www/html/Pikanela-w/wp-content/themes/Pikanela/header.php:48
Stack trace:
#0 /var/www/html/Pikanela-w/wp-includes/template.php(722): require_once()
#1 /var/www/html/Pikanela-w/wp-includes/template.php(671): load_template('/var/www/html/P...', true)
#2 /var/www/html/Pikanela-w/wp-includes/general-template.php(41): locate_template(Array, true)
#3 /var/www/html/Pikanela-w/wp-content/themes/Pikanela/home.php(1): get_header()
#4 /var/www/html/Pikanela-w/wp-includes/template-loader.php(78): include('/var/www/html/P...')
#5 /var/www/html/Pikanela-w/wp-blog-header.php(19): require_once('/var/www/html/P...')
#6 /var/www/html/Pikanela-w/index.php(17): require('/var/www/html/P...')
#7 {main}
  thrown in /var/www/html/Pikanela-w/wp-content/themes/Pikanela/header.php on line 48

